Compilación iniciada a las 15/08/2016 22:42:30.
     1>Proyecto "D:\Mis cosas\Beca Investigacion\Gráficos_New\20160722\GraficosProyecto\Tutorial07\Tutorial07_2012.vcxproj" en el nodo 2 (Build destinos).
     1>C:\Program Files (x86)\MSBuild\Microsoft.Cpp\v4.0\V120\Microsoft.CppBuild.targets(388,5): warning MSB8028: The intermediate directory (Debug\) contains files shared from another project (Tutorial07.vcxproj).  This can lead to incorrect clean and rebuild behavior.
     1>FxCompile:
         C:\Program Files (x86)\Windows Kits\8.1\bin\x86\fxc.exe /nologo /E"PS" /T ps_4_0 /Fo "D:\Mis cosas\Beca Investigacion\Gráficos_New\20160722\GraficosProyecto\Debug\Main_PS.cso" Main_PS.hlsl 
         compilation object save succeeded; see D:\Mis cosas\Beca Investigacion\Gráficos_New\20160722\GraficosProyecto\Debug\Main_PS.cso
         C:\Program Files (x86)\Windows Kits\8.1\bin\x86\fxc.exe /nologo /E"VS" /T vs_4_0 /Fo "D:\Mis cosas\Beca Investigacion\Gráficos_New\20160722\GraficosProyecto\Debug\Main_VS.cso" Main_VS.hlsl 
         compilation object save succeeded; see D:\Mis cosas\Beca Investigacion\Gráficos_New\20160722\GraficosProyecto\Debug\Main_VS.cso
       ClCompile:
         D:\Visual Studio 2013\VC\bin\CL.exe /c /ZI /nologo /W4 /WX- /Od /Oi /Oy- /D WIN32 /D _DEBUG /D DEBUG /D PROFILE /D _WINDOWS /D _WIN32_WINNT=0x0600 /D _UNICODE /D UNICODE /Gm- /EHsc /RTC1 /MDd /GS /arch:SSE2 /fp:fast /Zc:wchar_t /Zc:forScope /openmp- /Fo"Debug\\" /Fd"Debug\vc120.pdb" /Gd /TP /analyze- /errorReport:prompt  Mesh.cpp
         Mesh.cpp
     1>d:\mis cosas\beca investigacion\gráficos_new\20160722\graficosproyecto\tutorial07\mesh.cpp(90): error C3861: 'CompileShaderFromFile': no se encontró el identificador
     1>d:\mis cosas\beca investigacion\gráficos_new\20160722\graficosproyecto\tutorial07\mesh.cpp(129): error C3861: 'CompileShaderFromFile': no se encontró el identificador
     1>Compilación del proyecto terminada "D:\Mis cosas\Beca Investigacion\Gráficos_New\20160722\GraficosProyecto\Tutorial07\Tutorial07_2012.vcxproj" (Build destinos) -- ERROR.

ERROR al compilar.

Tiempo transcurrido 00:00:01.34
